<?xml version="1.0" encoding="UTF-8"?>
<!-- Generated by org.testng.reporters.JUnitReportReporter -->
<testsuite hostname="DESKTOP-P3Q9HCG" name="WebAutomation.Goibibo.PaymentDetailsPageTest" tests="4" failures="0" timestamp="9 Aug 2020 09:45:01 GMT" time="83.210" errors="0">
  <testcase name="paymentDetails" time="7.674" classname="WebAutomation.Goibibo.PaymentDetailsPageTest"/>
  <testcase name="launchBrowser" time="30.769" classname="WebAutomation.Goibibo.PaymentDetailsPageTest"/>
  <testcase name="ticketDetails" time="6.636" classname="WebAutomation.Goibibo.PaymentDetailsPageTest"/>
  <testcase name="searchResults" time="38.131" classname="WebAutomation.Goibibo.PaymentDetailsPageTest"/>
</testsuite> <!-- WebAutomation.Goibibo.PaymentDetailsPageTest -->
