<?xml version="1.0" encoding="UTF-8"?>
<!-- Generated by org.testng.reporters.JUnitReportReporter -->
<testsuite hostname="DESKTOP-P3Q9HCG" name="WebAutomation.Goibibo.SearchResultsPageTest" tests="2" failures="0" timestamp="8 Aug 2020 08:36:23 GMT" time="62.798" errors="0">
  <testcase name="searchResults" time="35.794" classname="WebAutomation.Goibibo.SearchResultsPageTest"/>
  <testcase name="launchBrowser" time="27.004" classname="WebAutomation.Goibibo.SearchResultsPageTest"/>
</testsuite> <!-- WebAutomation.Goibibo.SearchResultsPageTest -->
