<?xml version="1.0" encoding="UTF-8"?>
<!-- Generated by org.testng.reporters.JUnitReportReporter -->
<testsuite hostname="DESKTOP-P3Q9HCG" name="WebAutomation.Goibibo.TicketDetailsPageTest" tests="3" failures="0" timestamp="9 Aug 2020 07:10:50 GMT" time="60.427" errors="0">
  <testcase name="searchResults" time="37.926" classname="WebAutomation.Goibibo.TicketDetailsPageTest"/>
  <testcase name="launchBrowser" time="18.759" classname="WebAutomation.Goibibo.TicketDetailsPageTest"/>
  <testcase name="ticketDetails" time="3.742" classname="WebAutomation.Goibibo.TicketDetailsPageTest"/>
</testsuite> <!-- WebAutomation.Goibibo.TicketDetailsPageTest -->
