<?xml version="1.0" encoding="UTF-8"?>
<!-- Generated by org.testng.reporters.JUnitReportReporter -->
<testsuite hostname="DESKTOP-P3Q9HCG" name="WebAutomation.Goibibo.LaunchBrowserTest" tests="1" failures="0" timestamp="7 Aug 2020 13:53:10 GMT" time="20.593" errors="0">
  <testcase name="launchBrowser" time="20.593" classname="WebAutomation.Goibibo.LaunchBrowserTest"/>
</testsuite> <!-- WebAutomation.Goibibo.LaunchBrowserTest -->
