<?xml version="1.0" encoding="UTF-8"?>
<!-- Generated by org.testng.reporters.JUnitReportReporter -->
<testsuite hostname="DESKTOP-P3Q9HCG" name="WebAutomation.Goibibo.LaunchBrowser" tests="1" failures="0" timestamp="7 Aug 2020 11:40:02 GMT" time="12.622" errors="0">
  <testcase name="launchBrowser" time="12.622" classname="WebAutomation.Goibibo.LaunchBrowser"/>
</testsuite> <!-- WebAutomation.Goibibo.LaunchBrowser -->
