<?xml version="1.0" encoding="UTF-8"?>
<!-- Generated by org.testng.reporters.JUnitReportReporter -->
<testsuite hostname="DESKTOP-P3Q9HCG" name="WebAutomation.Goibibo.HomePageTest" tests="1" failures="0" timestamp="8 Aug 2020 07:31:10 GMT" time="22.852" errors="0">
  <testcase name="launchBrowser" time="22.852" classname="WebAutomation.Goibibo.HomePageTest"/>
</testsuite> <!-- WebAutomation.Goibibo.HomePageTest -->
